<?xml version="1.0" encoding="UTF-8"?>
<testng-results ignored="0" total="1" passed="1" failed="0" skipped="0">
  <reporter-output>
  </reporter-output>
  <suite started-at="2023-01-17T21:33:55 IST" name="Default suite" finished-at="2023-01-17T21:34:22 IST" duration-ms="26708">
    <groups>
    </groups>
    <test started-at="2023-01-17T21:33:55 IST" name="Default test" finished-at="2023-01-17T21:34:22 IST" duration-ms="26708">
      <class name="com.inetBanking.testCases.TC_AddNewCustomerTest_003">
        <test-method is-config="true" signature="beforeSetUp()[pri:0, instance:com.inetBanking.testCases.TC_AddNewCustomerTest_003@b7838a9]" started-at="2023-01-17T21:33:55 IST" name="beforeSetUp" finished-at="2023-01-17T21:34:07 IST" duration-ms="11358" status="PASS">
          <reporter-output>
          </reporter-output>
        </test-method> <!-- beforeSetUp -->
        <test-method signature="addNewCustomer(java.lang.String,java.lang.String,java.lang.String,java.lang.String,java.lang.String,java.lang.String,java.lang.String)[pri:0, instance:com.inetBanking.testCases.TC_AddNewCustomerTest_003@b7838a9]" started-at="2023-01-17T21:34:08 IST" name="addNewCustomer" data-provider="NewCustomer" finished-at="2023-01-17T21:34:22 IST" duration-ms="13750" status="PASS">
          <params>
            <param index="0">
              <value>
                <![CDATA[Deepak]]>
              </value>
            </param>
            <param index="1">
              <value>
                <![CDATA[Bommankatte]]>
              </value>
            </param>
            <param index="2">
              <value>
                <![CDATA[Shimoga]]>
              </value>
            </param>
            <param index="3">
              <value>
                <![CDATA[KA]]>
              </value>
            </param>
            <param index="4">
              <value>
                <![CDATA[577204]]>
              </value>
            </param>
            <param index="5">
              <value>
                <![CDATA[7459357821]]>
              </value>
            </param>
            <param index="6">
              <value>
                <![CDATA[hello]]>
              </value>
            </param>
          </params>
          <reporter-output>
          </reporter-output>
        </test-method> <!-- addNewCustomer -->
      </class> <!-- com.inetBanking.testCases.TC_AddNewCustomerTest_003 -->
    </test> <!-- Default test -->
  </suite> <!-- Default suite -->
</testng-results>
